2013-11-23 17:09:36.1435|DEBUG|Barbato.IndexModule|Trying to clone from Github with
	url : https://c57161123314bd1a6bbb82597ffbcbbaeb4a929c@github.com/jchannon/Sandra.Snow.BarbatoTemplate.git
	path : c:\snowgitfolder\Sandra.Snow.BarbatoTemplate20131123170936
2013-11-23 17:09:37.1375|DEBUG|Barbato.IndexModule|Cloning into 'c:\snowgitfolder\Sandra.Snow.BarbatoTemplate20131123170936'...
2013-11-23 17:09:47.6711|DEBUG|Barbato.IndexModule|Waiting for GH clone process to exit
2013-11-23 17:09:47.6731|DEBUG|Barbato.IndexModule|Git deployment
2013-11-23 17:09:47.6731|DEBUG|Barbato.IndexModule|Trying to clone from deployment repo with
	url : https://jchannon:M4kep3ace79!@sandra-snow-barbato.scm.azurewebsites.net:443/sandra-snow-barbato.git
	path : c:\snowgitfolder\Sandra.Snow.BarbatoTemplate20131123170936\Website
2013-11-23 17:09:47.6731|DEBUG|Barbato.IndexModule|Waiting for publish clone process to exit
2013-11-23 17:10:53.4249|DEBUG|Barbato.IndexModule|Making it Snow
2013-11-23 17:10:53.4789|DEBUG|Barbato.IndexModule|Waiting for Snow process to exit
2013-11-23 17:10:57.2161|DEBUG|Barbato.IndexModule|Executing git add
2013-11-23 17:10:58.4382|DEBUG|Barbato.IndexModule|Waiting for git add process to exit
2013-11-23 17:10:58.4382|DEBUG|Barbato.IndexModule|Executing git commit
2013-11-23 17:10:59.3472|DEBUG|Barbato.IndexModule|[master 37e5c16] Static Content Regenerated
2013-11-23 17:10:59.3472|DEBUG|Barbato.IndexModule| Committer: unknown <JonathanChannon@WB-JCHANNON.win.local>
2013-11-23 17:10:59.3472|DEBUG|Barbato.IndexModule|Your name and email address were configured automatically based
2013-11-23 17:10:59.3552|DEBUG|Barbato.IndexModule|on your username and hostname. Please check that they are accurate.
2013-11-23 17:10:59.3552|DEBUG|Barbato.IndexModule|You can suppress this message by setting them explicitly:
2013-11-23 17:10:59.3552|DEBUG|Barbato.IndexModule|
2013-11-23 17:10:59.3552|DEBUG|Barbato.IndexModule|    git config --global user.name "Your Name"
2013-11-23 17:10:59.3552|DEBUG|Barbato.IndexModule|    git config --global user.email you@example.com
2013-11-23 17:10:59.3552|DEBUG|Barbato.IndexModule|
2013-11-23 17:10:59.3552|DEBUG|Barbato.IndexModule|After doing this, you may fix the identity used for this commit with:
2013-11-23 17:10:59.3732|DEBUG|Barbato.IndexModule|
2013-11-23 17:10:59.3732|DEBUG|Barbato.IndexModule|    git commit --amend --reset-author
2013-11-23 17:10:59.3732|DEBUG|Barbato.IndexModule|
2013-11-23 17:10:59.3862|DEBUG|Barbato.IndexModule| 229 files changed, 4113 insertions(+), 105 deletions(-)
2013-11-23 17:10:59.3862|DEBUG|Barbato.IndexModule| create mode 100644 about/index.html
2013-11-23 17:10:59.3862|DEBUG|Barbato.IndexModule| create mode 100644 archive/index.html
2013-11-23 17:10:59.3862|DEBUG|Barbato.IndexModule| create mode 100644 categories/index.html
2013-11-23 17:10:59.3862|DEBUG|Barbato.IndexModule| create mode 100644 contact/index.html
2013-11-23 17:10:59.3862|DEBUG|Barbato.IndexModule| create mode 100644 css/audioplayer.css
2013-11-23 17:10:59.4022|DEBUG|Barbato.IndexModule| create mode 100644 css/cusel.css
2013-11-23 17:10:59.4022|DEBUG|Barbato.IndexModule| create mode 100644 css/custom.css
2013-11-23 17:10:59.4022|DEBUG|Barbato.IndexModule| create mode 100644 css/screen.css
2013-11-23 17:10:59.4022|DEBUG|Barbato.IndexModule| create mode 100644 css/style.css
2013-11-23 17:10:59.4022|DEBUG|Barbato.IndexModule| create mode 100644 feed.xml
2013-11-23 17:10:59.4022|DEBUG|Barbato.IndexModule| create mode 100644 images/blogpostimages/Untitled.png
2013-11-23 17:10:59.4022|DEBUG|Barbato.IndexModule| create mode 100644 images/blogpostimages/WebstormDebug-620x390.png
2013-11-23 17:10:59.4202|DEBUG|Barbato.IndexModule| create mode 100644 images/blogpostimages/afterdeploymentdelete-620x527.png
2013-11-23 17:10:59.4202|DEBUG|Barbato.IndexModule| create mode 100644 images/blogpostimages/authorize.png
2013-11-23 17:10:59.4202|DEBUG|Barbato.IndexModule| create mode 100644 images/blogpostimages/azurehook-620x135.png
2013-11-23 17:10:59.4202|DEBUG|Barbato.IndexModule| create mode 100644 images/blogpostimages/body-620x330.png
2013-11-23 17:10:59.4202|DEBUG|Barbato.IndexModule| create mode 100644 images/blogpostimages/cadburycastle.jpg
2013-11-23 17:10:59.4332|DEBUG|Barbato.IndexModule| create mode 100644 images/blogpostimages/carrierpigeon.png
2013-11-23 17:10:59.4332|DEBUG|Barbato.IndexModule| create mode 100644 images/blogpostimages/console.png
2013-11-23 17:10:59.4332|DEBUG|Barbato.IndexModule| create mode 100644 images/blogpostimages/debugging.png
2013-11-23 17:10:59.4332|DEBUG|Barbato.IndexModule| create mode 100644 images/blogpostimages/deployed-620x202.png
2013-11-23 17:10:59.4332|DEBUG|Barbato.IndexModule| create mode 100644 images/blogpostimages/deploying-initial-620x197.png
2013-11-23 17:10:59.4332|DEBUG|Barbato.IndexModule| create mode 100644 images/blogpostimages/deploymenthistory-620x604.png
2013-11-23 17:10:59.4512|DEBUG|Barbato.IndexModule| create mode 100644 images/blogpostimages/f11.png
2013-11-23 17:10:59.4512|DEBUG|Barbato.IndexModule| create mode 100644 images/blogpostimages/github-hook-620x260.png
2013-11-23 17:10:59.4512|DEBUG|Barbato.IndexModule| create mode 100644 images/blogpostimages/helloworldbrowser.PNG
2013-11-23 17:10:59.4512|DEBUG|Barbato.IndexModule| create mode 100644 images/blogpostimages/imac.png
2013-11-23 17:10:59.4512|DEBUG|Barbato.IndexModule| create mode 100644 images/blogpostimages/mvm.png
2013-11-23 17:10:59.4512|DEBUG|Barbato.IndexModule| create mode 100644 images/blogpostimages/nancy-horizontal-framed-bf-wb-620x240.png
2013-11-23 17:10:59.4662|DEBUG|Barbato.IndexModule| create mode 100644 images/blogpostimages/projectlayout.PNG
2013-11-23 17:10:59.4662|DEBUG|Barbato.IndexModule| create mode 100644 images/blogpostimages/raw-620x330.png
2013-11-23 17:10:59.4662|DEBUG|Barbato.IndexModule| create mode 100644 images/blogpostimages/setup-620x320.png
2013-11-23 17:10:59.4662|DEBUG|Barbato.IndexModule| create mode 100644 images/blogpostimages/tweet.png
2013-11-23 17:10:59.4662|DEBUG|Barbato.IndexModule| create mode 100644 images/body_bg.jpg
2013-11-23 17:10:59.4662|DEBUG|Barbato.IndexModule| create mode 100644 images/box_bg_bot.jpg
2013-11-23 17:10:59.4812|DEBUG|Barbato.IndexModule| create mode 100644 images/box_lable.png
2013-11-23 17:10:59.4812|DEBUG|Barbato.IndexModule| create mode 100644 images/buttons_sprite.png
2013-11-23 17:10:59.4812|DEBUG|Barbato.IndexModule| create mode 100644 images/buttons_sprite_large.png
2013-11-23 17:10:59.4812|DEBUG|Barbato.IndexModule| create mode 100644 images/buttons_sprite_round.png
2013-11-23 17:10:59.4812|DEBUG|Barbato.IndexModule| create mode 100644 images/calendar_arrows.png
2013-11-23 17:10:59.4812|DEBUG|Barbato.IndexModule| create mode 100644 images/comment_bg_bot.jpg
2013-11-23 17:10:59.4962|DEBUG|Barbato.IndexModule| create mode 100644 images/comments_arrow.png
2013-11-23 17:10:59.4962|DEBUG|Barbato.IndexModule| create mode 100644 images/comments_sub.png
2013-11-23 17:10:59.4962|DEBUG|Barbato.IndexModule| create mode 100644 images/divider_line.gif
2013-11-23 17:10:59.4962|DEBUG|Barbato.IndexModule| create mode 100644 images/dropdown_bg_bot.png.jpeg
2013-11-23 17:10:59.4962|DEBUG|Barbato.IndexModule| create mode 100644 images/dropdown_parent.png
2013-11-23 17:10:59.4962|DEBUG|Barbato.IndexModule| create mode 100644 images/dropdown_sub.png
2013-11-23 17:10:59.5122|DEBUG|Barbato.IndexModule| create mode 100644 images/icons/footer_social.png
2013-11-23 17:10:59.5122|DEBUG|Barbato.IndexModule| create mode 100644 images/icons/icons_sprite.png
2013-11-23 17:10:59.5122|DEBUG|Barbato.IndexModule| create mode 100644 images/icons/post_labels.png
2013-11-23 17:10:59.5122|DEBUG|Barbato.IndexModule| create mode 100644 images/icons/ribbon_popular.png
2013-11-23 17:10:59.5122|DEBUG|Barbato.IndexModule| create mode 100644 images/icons/service_img_1.png
2013-11-23 17:10:59.5122|DEBUG|Barbato.IndexModule| create mode 100644 images/icons/service_img_2.png
2013-11-23 17:10:59.5272|DEBUG|Barbato.IndexModule| create mode 100644 images/icons/service_img_3.png
2013-11-23 17:10:59.5272|DEBUG|Barbato.IndexModule| create mode 100644 images/icons/service_img_4.png
2013-11-23 17:10:59.5272|DEBUG|Barbato.IndexModule| create mode 100644 images/icons/service_img_5.png
2013-11-23 17:10:59.5272|DEBUG|Barbato.IndexModule| create mode 100644 images/icons/service_img_6.png
2013-11-23 17:10:59.5272|DEBUG|Barbato.IndexModule| create mode 100644 images/loading.gif
2013-11-23 17:10:59.5272|DEBUG|Barbato.IndexModule| create mode 100644 images/logo.png
2013-11-23 17:10:59.5432|DEBUG|Barbato.IndexModule| create mode 100644 images/pricing_foot_bg.png
2013-11-23 17:10:59.5432|DEBUG|Barbato.IndexModule| create mode 100644 images/slider_arrows.png
2013-11-23 17:10:59.5432|DEBUG|Barbato.IndexModule| create mode 100644 images/slider_pagination.png
2013-11-23 17:10:59.5432|DEBUG|Barbato.IndexModule| create mode 100644 images/sort_box_bg.jpg
2013-11-23 17:10:59.5432|DEBUG|Barbato.IndexModule| create mode 100644 images/styled_checkbox.png
2013-11-23 17:10:59.5432|DEBUG|Barbato.IndexModule| create mode 100644 images/styled_radiobutton.png
2013-11-23 17:10:59.5592|DEBUG|Barbato.IndexModule| create mode 100644 images/tags_bg.png
2013-11-23 17:10:59.5592|DEBUG|Barbato.IndexModule| create mode 100644 images/temp/client_1.jpg
2013-11-23 17:10:59.5592|DEBUG|Barbato.IndexModule| create mode 100644 images/temp/client_2.jpg
2013-11-23 17:10:59.5592|DEBUG|Barbato.IndexModule| create mode 100644 images/temp/client_3.jpg
2013-11-23 17:10:59.5592|DEBUG|Barbato.IndexModule| create mode 100644 images/temp/entry_img_audio.jpg
2013-11-23 17:10:59.5592|DEBUG|Barbato.IndexModule| create mode 100644 images/temp/flickr_1.jpg
2013-11-23 17:10:59.5743|DEBUG|Barbato.IndexModule| create mode 100644 images/temp/flickr_2.jpg
2013-11-23 17:10:59.5743|DEBUG|Barbato.IndexModule| create mode 100644 images/temp/flickr_3.jpg
2013-11-23 17:10:59.5743|DEBUG|Barbato.IndexModule| create mode 100644 images/temp/flickr_4.jpg
2013-11-23 17:10:59.5743|DEBUG|Barbato.IndexModule| create mode 100644 images/temp/flickr_5.jpg
2013-11-23 17:10:59.5743|DEBUG|Barbato.IndexModule| create mode 100644 images/temp/flickr_6.jpg
2013-11-23 17:10:59.5743|DEBUG|Barbato.IndexModule| create mode 100644 images/temp/flickr_7.jpg
2013-11-23 17:10:59.5903|DEBUG|Barbato.IndexModule| create mode 100644 images/temp/flickr_8.jpg
2013-11-23 17:10:59.5903|DEBUG|Barbato.IndexModule| create mode 100644 images/temp/gavatar_1.jpg
2013-11-23 17:10:59.5903|DEBUG|Barbato.IndexModule| create mode 100644 images/temp/gavatar_2.jpg
2013-11-23 17:10:59.5903|DEBUG|Barbato.IndexModule| create mode 100644 images/temp/gavatar_3.jpg
2013-11-23 17:10:59.5903|DEBUG|Barbato.IndexModule| create mode 100644 images/temp/gavatar_4.jpg
2013-11-23 17:10:59.5903|DEBUG|Barbato.IndexModule| create mode 100644 images/temp/icon_cat2_1.png
2013-11-23 17:10:59.6083|DEBUG|Barbato.IndexModule| create mode 100644 images/temp/icon_cat2_2.png
2013-11-23 17:10:59.6083|DEBUG|Barbato.IndexModule| create mode 100644 images/temp/icon_cat2_3.png
2013-11-23 17:10:59.6083|DEBUG|Barbato.IndexModule| create mode 100644 images/temp/icon_cat2_4.png
2013-11-23 17:10:59.6083|DEBUG|Barbato.IndexModule| create mode 100644 images/temp/icon_cat2_5.png
2013-11-23 17:10:59.6213|DEBUG|Barbato.IndexModule| create mode 100644 images/temp/icon_cat2_6.png
2013-11-23 17:10:59.6213|DEBUG|Barbato.IndexModule| create mode 100644 images/temp/icon_cat_1.png
2013-11-23 17:10:59.6213|DEBUG|Barbato.IndexModule| create mode 100644 images/temp/icon_cat_2.png
2013-11-23 17:10:59.6213|DEBUG|Barbato.IndexModule| create mode 100644 images/temp/icon_cat_3.png
2013-11-23 17:10:59.6213|DEBUG|Barbato.IndexModule| create mode 100644 images/temp/icon_cat_4.png
2013-11-23 17:10:59.6363|DEBUG|Barbato.IndexModule| create mode 100644 images/temp/icon_cat_5.png
2013-11-23 17:10:59.6363|DEBUG|Barbato.IndexModule| create mode 100644 images/temp/icon_cat_6.png
2013-11-23 17:10:59.6363|DEBUG|Barbato.IndexModule| create mode 100644 images/temp/post_thumb_1.jpg
2013-11-23 17:10:59.6363|DEBUG|Barbato.IndexModule| create mode 100644 images/temp/post_thumb_2.jpg
2013-11-23 17:10:59.6363|DEBUG|Barbato.IndexModule| create mode 100644 images/temp/post_thumb_3.jpg
2013-11-23 17:10:59.6523|DEBUG|Barbato.IndexModule| create mode 100644 images/temp/post_thumb_4.jpg
2013-11-23 17:10:59.6523|DEBUG|Barbato.IndexModule| create mode 100644 images/temp/slider_1_1.jpg
2013-11-23 17:10:59.6523|DEBUG|Barbato.IndexModule| create mode 100644 images/temp/slider_1_2.jpg
2013-11-23 17:10:59.6523|DEBUG|Barbato.IndexModule| create mode 100644 images/temp/slider_1_3.jpg
2013-11-23 17:10:59.6523|DEBUG|Barbato.IndexModule| create mode 100644 images/temp/slider_2_1.jpg
2013-11-23 17:10:59.6523|DEBUG|Barbato.IndexModule| create mode 100644 images/temp/slider_2_2.jpg
2013-11-23 17:10:59.6693|DEBUG|Barbato.IndexModule| create mode 100644 images/temp/slider_2_3.jpg
2013-11-23 17:10:59.6693|DEBUG|Barbato.IndexModule| create mode 100644 images/temp/slider_2_4.jpg
2013-11-23 17:10:59.6693|DEBUG|Barbato.IndexModule| create mode 100644 images/temp/twitter_avatar.png
2013-11-23 17:10:59.6693|DEBUG|Barbato.IndexModule| create mode 100644 images/temp/work_1.jpg
2013-11-23 17:10:59.6693|DEBUG|Barbato.IndexModule| create mode 100644 images/temp/work_2.jpg
2013-11-23 17:10:59.6843|DEBUG|Barbato.IndexModule| create mode 100644 images/temp/work_3.jpg
2013-11-23 17:10:59.6843|DEBUG|Barbato.IndexModule| create mode 100644 images/temp/work_4.jpg
2013-11-23 17:10:59.6843|DEBUG|Barbato.IndexModule| create mode 100644 images/temp/work_5.jpg
2013-11-23 17:10:59.6843|DEBUG|Barbato.IndexModule| create mode 100644 js/audioplayer.min.js
2013-11-23 17:10:59.6843|DEBUG|Barbato.IndexModule| create mode 100644 js/cusel-min.js
2013-11-23 17:10:59.6993|DEBUG|Barbato.IndexModule| create mode 100644 js/custom.js
2013-11-23 17:10:59.6993|DEBUG|Barbato.IndexModule| create mode 100644 js/general.js
2013-11-23 17:10:59.6993|DEBUG|Barbato.IndexModule| create mode 100644 js/hoverIntent.js
2013-11-23 17:10:59.6993|DEBUG|Barbato.IndexModule| create mode 100644 js/jquery.carouFredSel.min.js
2013-11-23 17:10:59.6993|DEBUG|Barbato.IndexModule| create mode 100644 js/jquery.customInput.js
2013-11-23 17:10:59.6993|DEBUG|Barbato.IndexModule| create mode 100644 js/jquery.gmap.min.js
2013-11-23 17:10:59.7163|DEBUG|Barbato.IndexModule| create mode 100644 js/jquery.masonry.min.js
2013-11-23 17:10:59.7163|DEBUG|Barbato.IndexModule| create mode 100644 js/libs/jquery.min.js
2013-11-23 17:10:59.7163|DEBUG|Barbato.IndexModule| create mode 100644 js/libs/modernizr.min.js
2013-11-23 17:10:59.7163|DEBUG|Barbato.IndexModule| create mode 100644 js/libs/respond.min.js
2013-11-23 17:10:59.7163|DEBUG|Barbato.IndexModule| create mode 100644 sitemap.xml
2013-11-23 17:10:59.7313|DEBUG|Barbato.IndexModule|Waiting for git commit to exit
2013-11-23 17:10:59.7313|DEBUG|Barbato.IndexModule|Executin git push
2013-11-23 17:12:05.1370|DEBUG|Barbato.IndexModule|Waiting for git push process to exit
2013-11-23 18:53:38.6581|DEBUG|Barbato.IndexModule|Trying to clone from Github with
	url : https://c57161123314bd1a6bbb82597ffbcbbaeb4a929c@github.com/jchannon/Sandra.Snow.BarbatoTemplate.git
	path : c:\snowgitfolder\Sandra.Snow.BarbatoTemplate20131123185338
2013-11-23 18:53:43.9954|DEBUG|Barbato.IndexModule|Cloning into 'c:\snowgitfolder\Sandra.Snow.BarbatoTemplate20131123185338'...
2013-11-23 18:53:53.0930|DEBUG|Barbato.IndexModule|Waiting for GH clone process to exit
2013-11-23 18:53:57.2372|DEBUG|Barbato.IndexModule|Git deployment
2013-11-23 18:53:57.2372|DEBUG|Barbato.IndexModule|Trying to clone from deployment repo with
	url : https://jchannon:M4kep3ace79!@sandra-snow-barbato.scm.azurewebsites.net:443/sandra-snow-barbato.git
	path : c:\snowgitfolder\Sandra.Snow.BarbatoTemplate20131123185338\Website
2013-11-23 18:53:57.2462|DEBUG|Barbato.IndexModule|Waiting for publish clone process to exit
2013-11-23 18:54:09.0109|DEBUG|Barbato.IndexModule|Making it Snow
2013-11-23 18:54:09.0519|DEBUG|Barbato.IndexModule|Waiting for Snow process to exit
2013-11-23 18:54:18.2044|DEBUG|Barbato.IndexModule|Executing git add
2013-11-23 19:07:00.0830|DEBUG|Barbato.IndexModule|Trying to clone from Github with
	url : https://c57161123314bd1a6bbb82597ffbcbbaeb4a929c@github.com/jchannon/Sandra.Snow.BarbatoTemplate.git
	path : c:\snowgitfolder\Sandra.Snow.BarbatoTemplate20131123190700
2013-11-23 19:07:04.4022|DEBUG|Barbato.IndexModule|Cloning into 'c:\snowgitfolder\Sandra.Snow.BarbatoTemplate20131123190700'...
2013-11-23 19:07:18.7911|DEBUG|Barbato.IndexModule|Waiting for GH clone process to exit
2013-11-23 19:07:24.9364|DEBUG|Barbato.IndexModule|Git deployment
2013-11-23 19:07:24.9394|DEBUG|Barbato.IndexModule|Trying to clone from deployment repo with
	url : https://jchannon:M4kep3ace79!@sandra-snow-barbato.scm.azurewebsites.net:443/sandra-snow-barbato.git
	path : c:\snowgitfolder\Sandra.Snow.BarbatoTemplate20131123190700\Website
2013-11-23 19:07:24.9394|DEBUG|Barbato.IndexModule|Waiting for publish clone process to exit
2013-11-23 19:07:45.5296|DEBUG|Barbato.IndexModule|Making it Snow
2013-11-23 19:07:45.5526|DEBUG|Barbato.IndexModule|Waiting for Snow process to exit
2013-11-23 19:07:52.6390|DEBUG|Barbato.IndexModule|Executing git add
2013-11-23 19:16:50.2978|DEBUG|Barbato.IndexModule|Trying to clone from Github with
	url : https://c57161123314bd1a6bbb82597ffbcbbaeb4a929c@github.com/jchannon/Sandra.Snow.BarbatoTemplate.git
	path : c:\snowgitfolder\Sandra.Snow.BarbatoTemplate20131123191650
2013-11-23 19:16:55.9571|DEBUG|Barbato.IndexModule|Cloning into 'c:\snowgitfolder\Sandra.Snow.BarbatoTemplate20131123191650'...
2013-11-23 19:17:25.1928|DEBUG|Barbato.IndexModule|Waiting for GH clone process to exit
2013-11-23 19:17:27.9109|DEBUG|Barbato.IndexModule|Git deployment
2013-11-23 19:17:27.9209|DEBUG|Barbato.IndexModule|Trying to clone from deployment repo with
	url : https://jchannon:M4kep3ace79!@sandra-snow-barbato.scm.azurewebsites.net:443/sandra-snow-barbato.git
	path : c:\snowgitfolder\Sandra.Snow.BarbatoTemplate20131123191650\Website
2013-11-23 19:17:27.9539|DEBUG|Barbato.IndexModule|Waiting for publish clone process to exit
2013-11-23 19:17:38.4925|DEBUG|Barbato.IndexModule|Making it Snow
2013-11-23 19:17:38.5095|DEBUG|Barbato.IndexModule|Waiting for Snow process to exit
2013-11-23 19:17:45.1299|DEBUG|Barbato.IndexModule|Executing git add
2013-11-23 19:17:50.0762|DEBUG|Barbato.IndexModule|Waiting for git add process to exit
2013-11-23 19:22:16.4544|DEBUG|Barbato.IndexModule|Trying to clone from Github with
	url : https://c57161123314bd1a6bbb82597ffbcbbaeb4a929c@github.com/jchannon/Sandra.Snow.BarbatoTemplate.git
	path : c:\snowgitfolder\Sandra.Snow.BarbatoTemplate20131123192216
2013-11-23 19:22:20.2707|DEBUG|Barbato.IndexModule|Cloning into 'c:\snowgitfolder\Sandra.Snow.BarbatoTemplate20131123192216'...
2013-11-23 19:22:31.6363|DEBUG|Barbato.IndexModule|Waiting for GH clone process to exit
2013-11-23 19:22:47.3042|DEBUG|Barbato.IndexModule|Git deployment
2013-11-23 19:22:47.3042|DEBUG|Barbato.IndexModule|Trying to clone from deployment repo with
	url : https://jchannon:M4kep3ace79!@sandra-snow-barbato.scm.azurewebsites.net:443/sandra-snow-barbato.git
	path : c:\snowgitfolder\Sandra.Snow.BarbatoTemplate20131123192216\Website
2013-11-23 19:22:47.3452|DEBUG|Barbato.IndexModule|Waiting for publish clone process to exit
2013-11-23 19:22:57.2518|DEBUG|Barbato.IndexModule|Making it Snow
2013-11-23 19:22:57.2788|DEBUG|Barbato.IndexModule|Waiting for Snow process to exit
2013-11-23 19:23:05.4902|DEBUG|Barbato.IndexModule|Executing git add
2013-11-23 19:23:10.1315|DEBUG|Barbato.IndexModule|Waiting for git add process to exit
2013-11-23 19:35:07.8336|DEBUG|Barbato.IndexModule|Trying to clone from Github with
	url : https://c57161123314bd1a6bbb82597ffbcbbaeb4a929c@github.com/jchannon/Sandra.Snow.BarbatoTemplate.git
	path : c:\snowgitfolder\Sandra.Snow.BarbatoTemplate20131123193507
2013-11-23 19:35:11.3468|DEBUG|Barbato.IndexModule|Cloning into 'c:\snowgitfolder\Sandra.Snow.BarbatoTemplate20131123193507'...
2013-11-23 19:35:20.5873|DEBUG|Barbato.IndexModule|Waiting for GH clone process to exit
2013-11-23 19:35:23.4175|DEBUG|Barbato.IndexModule|Git deployment
2013-11-23 19:35:23.4175|DEBUG|Barbato.IndexModule|Trying to clone from deployment repo with
	url : https://jchannon:M4kep3ace79!@sandra-snow-barbato.scm.azurewebsites.net:443/sandra-snow-barbato.git
	path : c:\snowgitfolder\Sandra.Snow.BarbatoTemplate20131123193507\Website
2013-11-23 19:35:23.4445|DEBUG|Barbato.IndexModule|Waiting for publish clone process to exit
2013-11-23 19:35:33.5711|DEBUG|Barbato.IndexModule|Making it Snow
2013-11-23 19:35:33.5891|DEBUG|Barbato.IndexModule|Waiting for Snow process to exit
2013-11-23 19:35:40.3925|DEBUG|Barbato.IndexModule|Executing git add
2013-11-23 19:35:56.9474|DEBUG|Barbato.Bootstrapper|System.InvalidOperationException: StandardOut has not been redirected or the process hasn't started yet.
   at System.Diagnostics.Process.BeginOutputReadLine()
   at Barbato.IndexModule.PublishToGitFTP(DeploymentModel model) in c:\Projects\Test\Sandra.Snow\src\Barbato\IndexModule.cs:line 264
   at Barbato.IndexModule.DeployBlog(DeploymentModel model) in c:\Projects\Test\Sandra.Snow\src\Barbato\IndexModule.cs:line 132
   at Barbato.IndexModule.<>c__DisplayClass12.<.ctor>b__a(Object parameters) in c:\Projects\Test\Sandra.Snow\src\Barbato\IndexModule.cs:line 102
   at Nancy.Routing.Route.Invoke(DynamicDictionary parameters)
   at Nancy.Routing.DefaultRouteInvoker.Invoke(Route route, DynamicDictionary parameters, NancyContext context)
   at Nancy.Routing.DefaultRequestDispatcher.Dispatch(NancyContext context)
   at Nancy.NancyEngine.InvokeRequestLifeCycle(NancyContext context, IPipelines pipelines)
2013-11-23 19:37:00.3461|DEBUG|Barbato.IndexModule|Trying to clone from Github with
	url : https://c57161123314bd1a6bbb82597ffbcbbaeb4a929c@github.com/jchannon/Sandra.Snow.BarbatoTemplate.git
	path : c:\snowgitfolder\Sandra.Snow.BarbatoTemplate20131123193700
2013-11-23 19:37:04.5913|DEBUG|Barbato.IndexModule|Cloning into 'c:\snowgitfolder\Sandra.Snow.BarbatoTemplate20131123193700'...
2013-11-23 19:37:21.2683|DEBUG|Barbato.IndexModule|Waiting for GH clone process to exit
2013-11-23 19:37:21.2683|DEBUG|Barbato.IndexModule|Git deployment
2013-11-23 19:37:21.2813|DEBUG|Barbato.IndexModule|Trying to clone from deployment repo with
	url : https://jchannon:M4kep3ace79!@sandra-snow-barbato.scm.azurewebsites.net:443/sandra-snow-barbato.git
	path : c:\snowgitfolder\Sandra.Snow.BarbatoTemplate20131123193700\Website
2013-11-23 19:37:21.2943|DEBUG|Barbato.IndexModule|Waiting for publish clone process to exit
2013-11-23 19:37:30.5738|DEBUG|Barbato.IndexModule|Making it Snow
2013-11-23 19:37:30.5918|DEBUG|Barbato.IndexModule|Waiting for Snow process to exit
2013-11-23 19:37:34.5030|DEBUG|Barbato.IndexModule|Executing git add
2013-11-23 19:37:42.5845|DEBUG|Barbato.IndexModule|Waiting for git add process to exit
2013-11-23 19:37:42.5845|DEBUG|Barbato.IndexModule|warning: LF will be replaced by CRLF in 2012/09/17/ive-started-blogging-why/index.html.
2013-11-23 19:37:43.0815|DEBUG|Barbato.IndexModule|The file will have its original line endings in your working directory.
2013-11-23 19:37:43.0855|DEBUG|Barbato.IndexModule|warning: LF will be replaced by CRLF in 2012/09/21/nancyfx-ravendb-nerddinner-and-me/index.html.
2013-11-23 19:37:43.0855|DEBUG|Barbato.IndexModule|The file will have its original line endings in your working directory.
2013-11-23 19:37:43.0855|DEBUG|Barbato.IndexModule|warning: LF will be replaced by CRLF in 2012/09/25/is-oss-good-for-your-career/index.html.
2013-11-23 19:37:43.0855|DEBUG|Barbato.IndexModule|The file will have its original line endings in your working directory.
2013-11-23 19:37:43.0855|DEBUG|Barbato.IndexModule|warning: LF will be replaced by CRLF in 2012/09/28/abstracting-the-file-system/index.html.
2013-11-23 19:37:43.1035|DEBUG|Barbato.IndexModule|The file will have its original line endings in your working directory.
2013-11-23 19:37:43.1035|DEBUG|Barbato.IndexModule|warning: LF will be replaced by CRLF in 2012/10/08/node-js-express-hello-world-formula-1-style/index.html.
2013-11-23 19:37:43.1035|DEBUG|Barbato.IndexModule|The file will have its original line endings in your working directory.
2013-11-23 19:37:43.1035|DEBUG|Barbato.IndexModule|warning: LF will be replaced by CRLF in 2012/10/25/simple-net-twittergooglefacebook-authentication/index.html.
2013-11-23 19:37:43.1155|DEBUG|Barbato.IndexModule|The file will have its original line endings in your working directory.
2013-11-23 19:37:43.1155|DEBUG|Barbato.IndexModule|warning: LF will be replaced by CRLF in 2012/10/25/testing-your-applications-email-logic/index.html.
2013-11-23 19:37:43.1155|DEBUG|Barbato.IndexModule|The file will have its original line endings in your working directory.
2013-11-23 19:37:43.1155|DEBUG|Barbato.IndexModule|warning: LF will be replaced by CRLF in 2012/11/06/publishing-to-windows-azure-from-github/index.html.
2013-11-23 19:37:43.1155|DEBUG|Barbato.IndexModule|The file will have its original line endings in your working directory.
2013-11-23 19:37:43.1325|DEBUG|Barbato.IndexModule|warning: LF will be replaced by CRLF in 2012/11/18/gitignore-not-working-fixed/index.html.
2013-11-23 19:37:43.1325|DEBUG|Barbato.IndexModule|The file will have its original line endings in your working directory.
2013-11-23 19:37:43.1325|DEBUG|Barbato.IndexModule|warning: LF will be replaced by CRLF in 2012/11/23/the-for-loop-is-the-devil-in-disguise/index.html.
2013-11-23 19:37:43.1325|DEBUG|Barbato.IndexModule|The file will have its original line endings in your working directory.
2013-11-23 19:37:43.1325|DEBUG|Barbato.IndexModule|warning: LF will be replaced by CRLF in 2012/11/29/asp-net-web-api-testing/index.html.
2013-11-23 19:37:43.1475|DEBUG|Barbato.IndexModule|The file will have its original line endings in your working directory.
2013-11-23 19:37:43.1475|DEBUG|Barbato.IndexModule|warning: LF will be replaced by CRLF in 2012/12/07/easily-publish-a-nuget-package/index.html.
2013-11-23 19:37:43.1475|DEBUG|Barbato.IndexModule|The file will have its original line endings in your working directory.
2013-11-23 19:37:43.1475|DEBUG|Barbato.IndexModule|warning: LF will be replaced by CRLF in 2012/12/19/why-use-nancyfx/index.html.
2013-11-23 19:37:43.1475|DEBUG|Barbato.IndexModule|The file will have its original line endings in your working directory.
2013-11-23 19:37:43.1635|DEBUG|Barbato.IndexModule|warning: LF will be replaced by CRLF in 2013/01/09/javascript-is-the-future-maybe/index.html.
2013-11-23 19:37:43.1475|DEBUG|Barbato.IndexModule|
2013-11-23 19:37:43.1635|DEBUG|Barbato.IndexModule|The file will have its original line endings in your working directory.
2013-11-23 19:37:43.1635|DEBUG|Barbato.IndexModule|warning: LF will be replaced by CRLF in 2013/01/24/using-angularjsbackbonejs-in-windows-8-javascript-app/index.html.
2013-11-23 19:37:43.1635|DEBUG|Barbato.IndexModule|The file will have its original line endings in your working directory.
2013-11-23 19:37:43.1795|DEBUG|Barbato.IndexModule|warning: LF will be replaced by CRLF in 2013/02/05/evaluating-knockoutjs-and-angularjs-part-1/index.html.
2013-11-23 19:37:43.1795|DEBUG|Barbato.IndexModule|The file will have its original line endings in your working directory.
2013-11-23 19:37:43.1795|DEBUG|Barbato.IndexModule|warning: LF will be replaced by CRLF in 2013/02/05/evaluating-knockoutjs-and-angularjs-part-2/index.html.
2013-11-23 19:37:43.1795|DEBUG|Barbato.IndexModule|The file will have its original line endings in your working directory.
2013-11-23 19:37:43.1795|DEBUG|Barbato.IndexModule|warning: LF will be replaced by CRLF in 2013/03/04/the-many-approaches-to-entity-framework/index.html.
2013-11-23 19:37:43.1955|DEBUG|Barbato.IndexModule|The file will have its original line endings in your working directory.
2013-11-23 19:37:43.1955|DEBUG|Barbato.IndexModule|warning: LF will be replaced by CRLF in 2013/04/02/the-old-development-language-switcheroo/index.html.
2013-11-23 19:37:43.1955|DEBUG|Barbato.IndexModule|The file will have its original line endings in your working directory.
2013-11-23 19:37:43.1955|DEBUG|Barbato.IndexModule|warning: LF will be replaced by CRLF in 2013/04/08/using-a-markdown-viewengine-with-nancy/index.html.
2013-11-23 19:37:43.1955|DEBUG|Barbato.IndexModule|The file will have its original line endings in your working directory.
2013-11-23 19:37:43.2095|DEBUG|Barbato.IndexModule|warning: LF will be replaced by CRLF in 2013/04/08/using-datetime-in-c-and-sql/index.html.
2013-11-23 19:37:43.2095|DEBUG|Barbato.IndexModule|The file will have its original line endings in your working directory.
2013-11-23 19:37:43.2095|DEBUG|Barbato.IndexModule|warning: LF will be replaced by CRLF in 2013/04/17/up-running-with-typescript-and-webstorm/index.html.
2013-11-23 19:37:43.2095|DEBUG|Barbato.IndexModule|The file will have its original line endings in your working directory.
2013-11-23 19:37:43.2095|DEBUG|Barbato.IndexModule|warning: LF will be replaced by CRLF in 2013/04/30/mocking-httpcontext-with-fake-it-easy/index.html.
2013-11-23 19:37:43.2265|DEBUG|Barbato.IndexModule|The file will have its original line endings in your working directory.
2013-11-23 19:37:43.2265|DEBUG|Barbato.IndexModule|warning: LF will be replaced by CRLF in 2013/05/29/why-net-should-become-independent/index.html.
2013-11-23 19:37:43.2265|DEBUG|Barbato.IndexModule|The file will have its original line endings in your working directory.
2013-11-23 19:37:43.2265|DEBUG|Barbato.IndexModule|warning: LF will be replaced by CRLF in 2013/07/03/modifying-files-within-git-history/index.html.
2013-11-23 19:37:43.2265|DEBUG|Barbato.IndexModule|The file will have its original line endings in your working directory.
2013-11-23 19:37:43.2405|DEBUG|Barbato.IndexModule|warning: LF will be replaced by CRLF in 2013/08/22/a-quick-look-at-visual-node/index.html.
2013-11-23 19:37:43.2405|DEBUG|Barbato.IndexModule|The file will have its original line endings in your working directory.
2013-11-23 19:37:43.2405|DEBUG|Barbato.IndexModule|warning: LF will be replaced by CRLF in 2013/08/24/async-route-handling-with-nancy/index.html.
2013-11-23 19:37:43.2405|DEBUG|Barbato.IndexModule|The file will have its original line endings in your working directory.
2013-11-23 19:37:43.2405|DEBUG|Barbato.IndexModule|warning: LF will be replaced by CRLF in 2013/09/11/comparing-object-instances-with-fakeiteasy/index.html.
2013-11-23 19:37:43.2575|DEBUG|Barbato.IndexModule|The file will have its original line endings in your working directory.
2013-11-23 19:37:43.2575|DEBUG|Barbato.IndexModule|warning: LF will be replaced by CRLF in 2013/09/12/keeping-sql-data-organised-in-integration-tests/index.html.
2013-11-23 19:37:43.2575|DEBUG|Barbato.IndexModule|The file will have its original line endings in your working directory.
2013-11-23 19:37:43.2575|DEBUG|Barbato.IndexModule|warning: LF will be replaced by CRLF in 2013/09/16/enabling-cors-in-iisexpress/index.html.
2013-11-23 19:37:43.2735|DEBUG|Barbato.IndexModule|The file will have its original line endings in your working directory.
2013-11-23 19:37:43.2735|DEBUG|Barbato.IndexModule|warning: LF will be replaced by CRLF in 2013/09/20/returning-multiple-fake-objects-with-fakeiteasy/index.html.
2013-11-23 19:37:43.2735|DEBUG|Barbato.IndexModule|The file will have its original line endings in your working directory.
2013-11-23 19:37:43.2735|DEBUG|Barbato.IndexModule|warning: LF will be replaced by CRLF in 2013/10/01/blogging-with-markdown-and-git/index.html.
2013-11-23 19:37:43.2735|DEBUG|Barbato.IndexModule|The file will have its original line endings in your working directory.
2013-11-23 19:37:43.2735|DEBUG|Barbato.IndexModule|warning: LF will be replaced by CRLF in 2013/10/21/running-mocha-tests-with-sublime-text/index.html.
2013-11-23 19:37:43.2905|DEBUG|Barbato.IndexModule|The file will have its original line endings in your working directory.
2013-11-23 19:37:43.2905|DEBUG|Barbato.IndexModule|warning: LF will be replaced by CRLF in 2013/11/07/using-git-to-update-youtrack-via-teamcity/index.html.
2013-11-23 19:37:43.2905|DEBUG|Barbato.IndexModule|The file will have its original line endings in your working directory.
2013-11-23 19:37:43.2905|DEBUG|Barbato.IndexModule|warning: LF will be replaced by CRLF in feed.xml.
2013-11-23 19:37:43.3035|DEBUG|Barbato.IndexModule|The file will have its original line endings in your working directory.
2013-11-23 19:37:43.3035|DEBUG|Barbato.IndexModule|warning: LF will be replaced by CRLF in index.html.
2013-11-23 19:37:43.3035|DEBUG|Barbato.IndexModule|The file will have its original line endings in your working directory.
2013-11-23 19:37:43.3035|DEBUG|Barbato.IndexModule|warning: LF will be replaced by CRLF in page2/index.html.
2013-11-23 19:37:43.3035|DEBUG|Barbato.IndexModule|The file will have its original line endings in your working directory.
2013-11-23 19:37:43.3195|DEBUG|Barbato.IndexModule|warning: LF will be replaced by CRLF in page3/index.html.
2013-11-23 19:37:43.3195|DEBUG|Barbato.IndexModule|The file will have its original line endings in your working directory.
2013-11-23 19:37:43.3195|DEBUG|Barbato.IndexModule|warning: LF will be replaced by CRLF in page4/index.html.
2013-11-23 19:37:43.3355|DEBUG|Barbato.IndexModule|The file will have its original line endings in your working directory.
2013-11-23 19:37:43.3355|DEBUG|Barbato.IndexModule|
2013-11-23 19:38:21.5247|DEBUG|Barbato.IndexModule|Executing git commit
2013-11-23 19:42:45.9288|DEBUG|Barbato.IndexModule|Trying to clone from Github with
	url : https://c57161123314bd1a6bbb82597ffbcbbaeb4a929c@github.com/jchannon/Sandra.Snow.BarbatoTemplate.git
	path : c:\snowgitfolder\Sandra.Snow.BarbatoTemplate20131123194245
2013-11-23 19:42:47.0439|DEBUG|Barbato.IndexModule|Cloning into 'c:\snowgitfolder\Sandra.Snow.BarbatoTemplate20131123194245'...
2013-11-23 19:43:02.4388|DEBUG|Barbato.IndexModule|Waiting for GH clone process to exit
2013-11-23 19:43:02.4388|DEBUG|Barbato.IndexModule|Git deployment
2013-11-23 19:43:02.4388|DEBUG|Barbato.IndexModule|Trying to clone from deployment repo with
	url : https://jchannon:M4kep3ace79!@sandra-snow-barbato.scm.azurewebsites.net:443/sandra-snow-barbato.git
	path : c:\snowgitfolder\Sandra.Snow.BarbatoTemplate20131123194245\Website
2013-11-23 19:43:02.4688|DEBUG|Barbato.IndexModule|Waiting for publish clone process to exit
2013-11-23 19:43:11.4053|DEBUG|Barbato.IndexModule|Making it Snow
2013-11-23 19:43:11.4303|DEBUG|Barbato.IndexModule|Waiting for Snow process to exit
2013-11-23 19:43:15.4125|DEBUG|Barbato.IndexModule|Executing git add
2013-11-23 19:43:19.6728|DEBUG|Barbato.IndexModule|warning: LF will be replaced by CRLF in 2012/09/17/ive-started-blogging-why/index.html.
2013-11-23 19:43:19.6728|DEBUG|Barbato.IndexModule|The file will have its original line endings in your working directory.
2013-11-23 19:43:19.6728|DEBUG|Barbato.IndexModule|warning: LF will be replaced by CRLF in 2012/09/21/nancyfx-ravendb-nerddinner-and-me/index.html.
2013-11-23 19:43:19.6728|DEBUG|Barbato.IndexModule|The file will have its original line endings in your working directory.
2013-11-23 19:43:19.6888|DEBUG|Barbato.IndexModule|warning: LF will be replaced by CRLF in 2012/09/25/is-oss-good-for-your-career/index.html.
2013-11-23 19:43:19.6888|DEBUG|Barbato.IndexModule|The file will have its original line endings in your working directory.
2013-11-23 19:43:19.6888|DEBUG|Barbato.IndexModule|warning: LF will be replaced by CRLF in 2012/09/28/abstracting-the-file-system/index.html.
2013-11-23 19:43:19.6888|DEBUG|Barbato.IndexModule|The file will have its original line endings in your working directory.
2013-11-23 19:43:19.7048|DEBUG|Barbato.IndexModule|warning: LF will be replaced by CRLF in 2012/10/08/node-js-express-hello-world-formula-1-style/index.html.
2013-11-23 19:43:19.7048|DEBUG|Barbato.IndexModule|The file will have its original line endings in your working directory.
2013-11-23 19:43:19.7048|DEBUG|Barbato.IndexModule|warning: LF will be replaced by CRLF in 2012/10/25/simple-net-twittergooglefacebook-authentication/index.html.
2013-11-23 19:43:19.7048|DEBUG|Barbato.IndexModule|The file will have its original line endings in your working directory.
2013-11-23 19:43:19.7048|DEBUG|Barbato.IndexModule|warning: LF will be replaced by CRLF in 2012/10/25/testing-your-applications-email-logic/index.html.
2013-11-23 19:43:19.7208|DEBUG|Barbato.IndexModule|The file will have its original line endings in your working directory.
2013-11-23 19:43:19.7208|DEBUG|Barbato.IndexModule|warning: LF will be replaced by CRLF in 2012/11/06/publishing-to-windows-azure-from-github/index.html.
2013-11-23 19:43:19.7208|DEBUG|Barbato.IndexModule|The file will have its original line endings in your working directory.
2013-11-23 19:43:19.7208|DEBUG|Barbato.IndexModule|warning: LF will be replaced by CRLF in 2012/11/18/gitignore-not-working-fixed/index.html.
2013-11-23 19:43:19.7208|DEBUG|Barbato.IndexModule|The file will have its original line endings in your working directory.
2013-11-23 19:43:19.7378|DEBUG|Barbato.IndexModule|warning: LF will be replaced by CRLF in 2012/11/23/the-for-loop-is-the-devil-in-disguise/index.html.
2013-11-23 19:43:19.7378|DEBUG|Barbato.IndexModule|The file will have its original line endings in your working directory.
2013-11-23 19:43:19.7378|DEBUG|Barbato.IndexModule|warning: LF will be replaced by CRLF in 2012/11/29/asp-net-web-api-testing/index.html.
2013-11-23 19:43:19.7378|DEBUG|Barbato.IndexModule|The file will have its original line endings in your working directory.
2013-11-23 19:43:19.7518|DEBUG|Barbato.IndexModule|warning: LF will be replaced by CRLF in 2012/12/07/easily-publish-a-nuget-package/index.html.
2013-11-23 19:43:19.7518|DEBUG|Barbato.IndexModule|The file will have its original line endings in your working directory.
2013-11-23 19:43:19.7518|DEBUG|Barbato.IndexModule|warning: LF will be replaced by CRLF in 2012/12/19/why-use-nancyfx/index.html.
2013-11-23 19:43:19.7668|DEBUG|Barbato.IndexModule|
2013-11-23 19:43:19.7668|DEBUG|Barbato.IndexModule|The file will have its original line endings in your working directory.
2013-11-23 19:43:19.7898|DEBUG|Barbato.IndexModule|warning: LF will be replaced by CRLF in 2013/01/09/javascript-is-the-future-maybe/index.html.
2013-11-23 19:43:19.7898|DEBUG|Barbato.IndexModule|The file will have its original line endings in your working directory.
2013-11-23 19:43:19.7978|DEBUG|Barbato.IndexModule|warning: LF will be replaced by CRLF in 2013/01/24/using-angularjsbackbonejs-in-windows-8-javascript-app/index.html.
2013-11-23 19:43:19.7978|DEBUG|Barbato.IndexModule|The file will have its original line endings in your working directory.
2013-11-23 19:43:19.7978|DEBUG|Barbato.IndexModule|warning: LF will be replaced by CRLF in 2013/02/05/evaluating-knockoutjs-and-angularjs-part-1/index.html.
2013-11-23 19:43:19.7978|DEBUG|Barbato.IndexModule|The file will have its original line endings in your working directory.
2013-11-23 19:43:19.7978|DEBUG|Barbato.IndexModule|warning: LF will be replaced by CRLF in 2013/02/05/evaluating-knockoutjs-and-angularjs-part-2/index.html.
2013-11-23 19:43:19.8138|DEBUG|Barbato.IndexModule|The file will have its original line endings in your working directory.
2013-11-23 19:43:19.8138|DEBUG|Barbato.IndexModule|warning: LF will be replaced by CRLF in 2013/03/04/the-many-approaches-to-entity-framework/index.html.
2013-11-23 19:43:19.8138|DEBUG|Barbato.IndexModule|The file will have its original line endings in your working directory.
2013-11-23 19:43:19.8138|DEBUG|Barbato.IndexModule|warning: LF will be replaced by CRLF in 2013/04/02/the-old-development-language-switcheroo/index.html.
2013-11-23 19:43:19.8138|DEBUG|Barbato.IndexModule|The file will have its original line endings in your working directory.
2013-11-23 19:43:19.8138|DEBUG|Barbato.IndexModule|warning: LF will be replaced by CRLF in 2013/04/08/using-a-markdown-viewengine-with-nancy/index.html.
2013-11-23 19:43:19.8308|DEBUG|Barbato.IndexModule|The file will have its original line endings in your working directory.
2013-11-23 19:43:19.8308|DEBUG|Barbato.IndexModule|warning: LF will be replaced by CRLF in 2013/04/08/using-datetime-in-c-and-sql/index.html.
2013-11-23 19:43:19.8308|DEBUG|Barbato.IndexModule|The file will have its original line endings in your working directory.
2013-11-23 19:43:19.8308|DEBUG|Barbato.IndexModule|warning: LF will be replaced by CRLF in 2013/04/17/up-running-with-typescript-and-webstorm/index.html.
2013-11-23 19:43:19.8308|DEBUG|Barbato.IndexModule|The file will have its original line endings in your working directory.
2013-11-23 19:43:19.8448|DEBUG|Barbato.IndexModule|warning: LF will be replaced by CRLF in 2013/04/30/mocking-httpcontext-with-fake-it-easy/index.html.
2013-11-23 19:43:19.8448|DEBUG|Barbato.IndexModule|The file will have its original line endings in your working directory.
2013-11-23 19:43:19.8448|DEBUG|Barbato.IndexModule|warning: LF will be replaced by CRLF in 2013/05/29/why-net-should-become-independent/index.html.
2013-11-23 19:43:19.8448|DEBUG|Barbato.IndexModule|The file will have its original line endings in your working directory.
2013-11-23 19:43:19.8448|DEBUG|Barbato.IndexModule|warning: LF will be replaced by CRLF in 2013/07/03/modifying-files-within-git-history/index.html.
2013-11-23 19:43:19.8448|DEBUG|Barbato.IndexModule|The file will have its original line endings in your working directory.
2013-11-23 19:43:19.8628|DEBUG|Barbato.IndexModule|warning: LF will be replaced by CRLF in 2013/08/22/a-quick-look-at-visual-node/index.html.
2013-11-23 19:43:19.8628|DEBUG|Barbato.IndexModule|The file will have its original line endings in your working directory.
2013-11-23 19:43:19.8628|DEBUG|Barbato.IndexModule|warning: LF will be replaced by CRLF in 2013/08/24/async-route-handling-with-nancy/index.html.
2013-11-23 19:43:19.8628|DEBUG|Barbato.IndexModule|The file will have its original line endings in your working directory.
2013-11-23 19:43:19.8628|DEBUG|Barbato.IndexModule|warning: LF will be replaced by CRLF in 2013/09/11/comparing-object-instances-with-fakeiteasy/index.html.
2013-11-23 19:43:19.8778|DEBUG|Barbato.IndexModule|The file will have its original line endings in your working directory.
2013-11-23 19:43:19.8778|DEBUG|Barbato.IndexModule|warning: LF will be replaced by CRLF in 2013/09/12/keeping-sql-data-organised-in-integration-tests/index.html.
2013-11-23 19:43:19.8778|DEBUG|Barbato.IndexModule|The file will have its original line endings in your working directory.
2013-11-23 19:43:19.8778|DEBUG|Barbato.IndexModule|warning: LF will be replaced by CRLF in 2013/09/16/enabling-cors-in-iisexpress/index.html.
2013-11-23 19:43:19.8778|DEBUG|Barbato.IndexModule|The file will have its original line endings in your working directory.
2013-11-23 19:43:19.8928|DEBUG|Barbato.IndexModule|warning: LF will be replaced by CRLF in 2013/09/20/returning-multiple-fake-objects-with-fakeiteasy/index.html.
2013-11-23 19:43:19.8928|DEBUG|Barbato.IndexModule|The file will have its original line endings in your working directory.
2013-11-23 19:43:19.8928|DEBUG|Barbato.IndexModule|warning: LF will be replaced by CRLF in 2013/10/01/blogging-with-markdown-and-git/index.html.
2013-11-23 19:43:19.8928|DEBUG|Barbato.IndexModule|The file will have its original line endings in your working directory.
2013-11-23 19:43:19.8928|DEBUG|Barbato.IndexModule|warning: LF will be replaced by CRLF in 2013/10/21/running-mocha-tests-with-sublime-text/index.html.
2013-11-23 19:43:19.9078|DEBUG|Barbato.IndexModule|The file will have its original line endings in your working directory.
2013-11-23 19:43:19.9078|DEBUG|Barbato.IndexModule|warning: LF will be replaced by CRLF in 2013/11/07/using-git-to-update-youtrack-via-teamcity/index.html.
2013-11-23 19:43:19.9078|DEBUG|Barbato.IndexModule|The file will have its original line endings in your working directory.
2013-11-23 19:43:19.9078|DEBUG|Barbato.IndexModule|warning: LF will be replaced by CRLF in feed.xml.
2013-11-23 19:43:19.9078|DEBUG|Barbato.IndexModule|The file will have its original line endings in your working directory.
2013-11-23 19:43:19.9228|DEBUG|Barbato.IndexModule|warning: LF will be replaced by CRLF in index.html.
2013-11-23 19:43:19.9228|DEBUG|Barbato.IndexModule|The file will have its original line endings in your working directory.
2013-11-23 19:43:19.9228|DEBUG|Barbato.IndexModule|warning: LF will be replaced by CRLF in page2/index.html.
2013-11-23 19:43:19.9228|DEBUG|Barbato.IndexModule|The file will have its original line endings in your working directory.
2013-11-23 19:43:19.9228|DEBUG|Barbato.IndexModule|warning: LF will be replaced by CRLF in page3/index.html.
2013-11-23 19:43:19.9378|DEBUG|Barbato.IndexModule|The file will have its original line endings in your working directory.
2013-11-23 19:43:19.9378|DEBUG|Barbato.IndexModule|warning: LF will be replaced by CRLF in page4/index.html.
2013-11-23 19:43:19.9378|DEBUG|Barbato.IndexModule|The file will have its original line endings in your working directory.
2013-11-23 19:43:19.9378|DEBUG|Barbato.IndexModule|
2013-11-23 19:43:20.7948|DEBUG|Barbato.IndexModule|git add process to exited
2013-11-23 19:43:21.4689|DEBUG|Barbato.IndexModule|Executing git commit
2013-11-23 19:43:26.2191|DEBUG|Barbato.IndexModule|warning: LF will be replaced by CRLF in 2012/09/17/ive-started-blogging-why/index.html.
2013-11-23 19:43:26.6692|DEBUG|Barbato.IndexModule|The file will have its original line endings in your working directory.
2013-11-23 19:43:26.6692|DEBUG|Barbato.IndexModule|warning: LF will be replaced by CRLF in 2012/09/21/nancyfx-ravendb-nerddinner-and-me/index.html.
2013-11-23 19:43:26.6692|DEBUG|Barbato.IndexModule|The file will have its original line endings in your working directory.
2013-11-23 19:43:26.6812|DEBUG|Barbato.IndexModule|warning: LF will be replaced by CRLF in 2012/09/25/is-oss-good-for-your-career/index.html.
2013-11-23 19:43:26.6812|DEBUG|Barbato.IndexModule|The file will have its original line endings in your working directory.
2013-11-23 19:43:26.6812|DEBUG|Barbato.IndexModule|warning: LF will be replaced by CRLF in 2012/09/28/abstracting-the-file-system/index.html.
2013-11-23 19:43:26.6932|DEBUG|Barbato.IndexModule|The file will have its original line endings in your working directory.
2013-11-23 19:43:26.6932|DEBUG|Barbato.IndexModule|warning: LF will be replaced by CRLF in 2012/10/08/node-js-express-hello-world-formula-1-style/index.html.
2013-11-23 19:43:26.6932|DEBUG|Barbato.IndexModule|The file will have its original line endings in your working directory.
2013-11-23 19:43:26.6932|DEBUG|Barbato.IndexModule|warning: LF will be replaced by CRLF in 2012/10/25/simple-net-twittergooglefacebook-authentication/index.html.
2013-11-23 19:43:26.6932|DEBUG|Barbato.IndexModule|The file will have its original line endings in your working directory.
2013-11-23 19:43:26.7092|DEBUG|Barbato.IndexModule|warning: LF will be replaced by CRLF in 2012/10/25/testing-your-applications-email-logic/index.html.
2013-11-23 19:43:26.7092|DEBUG|Barbato.IndexModule|The file will have its original line endings in your working directory.
2013-11-23 19:43:26.7092|DEBUG|Barbato.IndexModule|warning: LF will be replaced by CRLF in 2012/11/06/publishing-to-windows-azure-from-github/index.html.
2013-11-23 19:43:26.7092|DEBUG|Barbato.IndexModule|The file will have its original line endings in your working directory.
2013-11-23 19:43:26.7092|DEBUG|Barbato.IndexModule|warning: LF will be replaced by CRLF in 2012/11/18/gitignore-not-working-fixed/index.html.
2013-11-23 19:43:26.7252|DEBUG|Barbato.IndexModule|The file will have its original line endings in your working directory.
2013-11-23 19:43:26.7252|DEBUG|Barbato.IndexModule|warning: LF will be replaced by CRLF in 2012/11/23/the-for-loop-is-the-devil-in-disguise/index.html.
2013-11-23 19:43:26.7252|DEBUG|Barbato.IndexModule|The file will have its original line endings in your working directory.
2013-11-23 19:43:26.7252|DEBUG|Barbato.IndexModule|warning: LF will be replaced by CRLF in 2012/11/29/asp-net-web-api-testing/index.html.
2013-11-23 19:43:26.7402|DEBUG|Barbato.IndexModule|The file will have its original line endings in your working directory.
2013-11-23 19:43:26.7402|DEBUG|Barbato.IndexModule|warning: LF will be replaced by CRLF in 2012/12/07/easily-publish-a-nuget-package/index.html.
2013-11-23 19:43:26.7402|DEBUG|Barbato.IndexModule|The file will have its original line endings in your working directory.
2013-11-23 19:43:26.7402|DEBUG|Barbato.IndexModule|warning: LF will be replaced by CRLF in 2012/12/19/why-use-nancyfx/index.html.
2013-11-23 19:43:26.7402|DEBUG|Barbato.IndexModule|The file will have its original line endings in your working directory.
2013-11-23 19:43:26.7572|DEBUG|Barbato.IndexModule|warning: LF will be replaced by CRLF in 2013/01/09/javascript-is-the-future-maybe/index.html.
2013-11-23 19:43:26.7572|DEBUG|Barbato.IndexModule|The file will have its original line endings in your working directory.
2013-11-23 19:43:26.7572|DEBUG|Barbato.IndexModule|warning: LF will be replaced by CRLF in 2013/01/24/using-angularjsbackbonejs-in-windows-8-javascript-app/index.html.
2013-11-23 19:43:26.7572|DEBUG|Barbato.IndexModule|The file will have its original line endings in your working directory.
2013-11-23 19:43:26.7712|DEBUG|Barbato.IndexModule|warning: LF will be replaced by CRLF in 2013/02/05/evaluating-knockoutjs-and-angularjs-part-1/index.html.
2013-11-23 19:43:26.7712|DEBUG|Barbato.IndexModule|The file will have its original line endings in your working directory.
2013-11-23 19:43:26.7712|DEBUG|Barbato.IndexModule|warning: LF will be replaced by CRLF in 2013/02/05/evaluating-knockoutjs-and-angularjs-part-2/index.html.
2013-11-23 19:43:26.7712|DEBUG|Barbato.IndexModule|The file will have its original line endings in your working directory.
2013-11-23 19:43:26.7712|DEBUG|Barbato.IndexModule|warning: LF will be replaced by CRLF in 2013/03/04/the-many-approaches-to-entity-framework/index.html.
2013-11-23 19:43:26.7872|DEBUG|Barbato.IndexModule|The file will have its original line endings in your working directory.
2013-11-23 19:43:26.7872|DEBUG|Barbato.IndexModule|warning: LF will be replaced by CRLF in 2013/04/02/the-old-development-language-switcheroo/index.html.
2013-11-23 19:43:26.7872|DEBUG|Barbato.IndexModule|The file will have its original line endings in your working directory.
2013-11-23 19:43:26.7872|DEBUG|Barbato.IndexModule|warning: LF will be replaced by CRLF in 2013/04/08/using-a-markdown-viewengine-with-nancy/index.html.
2013-11-23 19:43:26.7872|DEBUG|Barbato.IndexModule|The file will have its original line endings in your working directory.
2013-11-23 19:43:26.8042|DEBUG|Barbato.IndexModule|warning: LF will be replaced by CRLF in 2013/04/08/using-datetime-in-c-and-sql/index.html.
2013-11-23 19:43:26.8042|DEBUG|Barbato.IndexModule|The file will have its original line endings in your working directory.
2013-11-23 19:43:26.8042|DEBUG|Barbato.IndexModule|warning: LF will be replaced by CRLF in 2013/04/17/up-running-with-typescript-and-webstorm/index.html.
2013-11-23 19:43:26.8042|DEBUG|Barbato.IndexModule|The file will have its original line endings in your working directory.
2013-11-23 19:43:26.8212|DEBUG|Barbato.IndexModule|warning: LF will be replaced by CRLF in 2013/04/30/mocking-httpcontext-with-fake-it-easy/index.html.
2013-11-23 19:43:26.8212|DEBUG|Barbato.IndexModule|The file will have its original line endings in your working directory.
2013-11-23 19:43:26.8212|DEBUG|Barbato.IndexModule|warning: LF will be replaced by CRLF in 2013/05/29/why-net-should-become-independent/index.html.
2013-11-23 19:43:26.8212|DEBUG|Barbato.IndexModule|The file will have its original line endings in your working directory.
2013-11-23 19:43:26.8362|DEBUG|Barbato.IndexModule|warning: LF will be replaced by CRLF in 2013/07/03/modifying-files-within-git-history/index.html.
2013-11-23 19:43:26.8362|DEBUG|Barbato.IndexModule|The file will have its original line endings in your working directory.
2013-11-23 19:43:26.8362|DEBUG|Barbato.IndexModule|warning: LF will be replaced by CRLF in 2013/08/22/a-quick-look-at-visual-node/index.html.
2013-11-23 19:43:26.8362|DEBUG|Barbato.IndexModule|The file will have its original line endings in your working directory.
2013-11-23 19:43:26.8502|DEBUG|Barbato.IndexModule|warning: LF will be replaced by CRLF in 2013/08/24/async-route-handling-with-nancy/index.html.
2013-11-23 19:43:26.8502|DEBUG|Barbato.IndexModule|The file will have its original line endings in your working directory.
2013-11-23 19:43:26.8502|DEBUG|Barbato.IndexModule|warning: LF will be replaced by CRLF in 2013/09/11/comparing-object-instances-with-fakeiteasy/index.html.
2013-11-23 19:43:26.8502|DEBUG|Barbato.IndexModule|The file will have its original line endings in your working directory.
2013-11-23 19:43:26.8502|DEBUG|Barbato.IndexModule|warning: LF will be replaced by CRLF in 2013/09/12/keeping-sql-data-organised-in-integration-tests/index.html.
2013-11-23 19:43:26.8662|DEBUG|Barbato.IndexModule|The file will have its original line endings in your working directory.
2013-11-23 19:43:26.8662|DEBUG|Barbato.IndexModule|warning: LF will be replaced by CRLF in 2013/09/16/enabling-cors-in-iisexpress/index.html.
2013-11-23 19:43:26.8662|DEBUG|Barbato.IndexModule|The file will have its original line endings in your working directory.
2013-11-23 19:43:26.8662|DEBUG|Barbato.IndexModule|warning: LF will be replaced by CRLF in 2013/09/20/returning-multiple-fake-objects-with-fakeiteasy/index.html.
2013-11-23 19:43:26.8662|DEBUG|Barbato.IndexModule|The file will have its original line endings in your working directory.
2013-11-23 19:43:26.8822|DEBUG|Barbato.IndexModule|warning: LF will be replaced by CRLF in 2013/10/01/blogging-with-markdown-and-git/index.html.
2013-11-23 19:43:26.8822|DEBUG|Barbato.IndexModule|The file will have its original line endings in your working directory.
2013-11-23 19:43:26.8822|DEBUG|Barbato.IndexModule|warning: LF will be replaced by CRLF in 2013/10/21/running-mocha-tests-with-sublime-text/index.html.
2013-11-23 19:43:26.8822|DEBUG|Barbato.IndexModule|The file will have its original line endings in your working directory.
2013-11-23 19:43:26.8822|DEBUG|Barbato.IndexModule|warning: LF will be replaced by CRLF in 2013/11/07/using-git-to-update-youtrack-via-teamcity/index.html.
2013-11-23 19:43:26.8982|DEBUG|Barbato.IndexModule|The file will have its original line endings in your working directory.
2013-11-23 19:43:26.8982|DEBUG|Barbato.IndexModule|warning: LF will be replaced by CRLF in index.html.
2013-11-23 19:43:26.8982|DEBUG|Barbato.IndexModule|The file will have its original line endings in your working directory.
2013-11-23 19:43:26.8982|DEBUG|Barbato.IndexModule|warning: LF will be replaced by CRLF in page2/index.html.
2013-11-23 19:43:26.9122|DEBUG|Barbato.IndexModule|The file will have its original line endings in your working directory.
2013-11-23 19:43:26.9122|DEBUG|Barbato.IndexModule|warning: LF will be replaced by CRLF in page3/index.html.
2013-11-23 19:43:26.9122|DEBUG|Barbato.IndexModule|The file will have its original line endings in your working directory.
2013-11-23 19:43:26.9122|DEBUG|Barbato.IndexModule|warning: LF will be replaced by CRLF in page4/index.html.
2013-11-23 19:43:26.9122|DEBUG|Barbato.IndexModule|The file will have its original line endings in your working directory.
2013-11-23 19:43:26.9282|DEBUG|Barbato.IndexModule|warning: LF will be replaced by CRLF in 2012/09/17/ive-started-blogging-why/index.html.
2013-11-23 19:43:26.9282|DEBUG|Barbato.IndexModule|The file will have its original line endings in your working directory.
2013-11-23 19:43:26.9282|DEBUG|Barbato.IndexModule|warning: LF will be replaced by CRLF in 2012/09/21/nancyfx-ravendb-nerddinner-and-me/index.html.
2013-11-23 19:43:26.9282|DEBUG|Barbato.IndexModule|The file will have its original line endings in your working directory.
2013-11-23 19:43:26.9282|DEBUG|Barbato.IndexModule|warning: LF will be replaced by CRLF in 2012/09/25/is-oss-good-for-your-career/index.html.
2013-11-23 19:43:26.9442|DEBUG|Barbato.IndexModule|The file will have its original line endings in your working directory.
2013-11-23 19:43:26.9442|DEBUG|Barbato.IndexModule|warning: LF will be replaced by CRLF in 2012/09/28/abstracting-the-file-system/index.html.
2013-11-23 19:43:26.9442|DEBUG|Barbato.IndexModule|The file will have its original line endings in your working directory.
2013-11-23 19:43:26.9442|DEBUG|Barbato.IndexModule|warning: LF will be replaced by CRLF in 2012/10/08/node-js-express-hello-world-formula-1-style/index.html.
2013-11-23 19:43:26.9572|DEBUG|Barbato.IndexModule|The file will have its original line endings in your working directory.
2013-11-23 19:43:26.9572|DEBUG|Barbato.IndexModule|warning: LF will be replaced by CRLF in 2012/10/25/simple-net-twittergooglefacebook-authentication/index.html.
2013-11-23 19:43:26.9572|DEBUG|Barbato.IndexModule|[master b9a6c6c] Static Content Regenerated
2013-11-23 19:43:26.9572|DEBUG|Barbato.IndexModule|The file will have its original line endings in your working directory.
2013-11-23 19:43:26.9572|DEBUG|Barbato.IndexModule|warning: LF will be replaced by CRLF in 2012/10/25/testing-your-applications-email-logic/index.html.
2013-11-23 19:43:26.9572|DEBUG|Barbato.IndexModule| Committer: unknown <JonathanChannon@WB-JCHANNON.win.local>
2013-11-23 19:43:26.9752|DEBUG|Barbato.IndexModule|Your name and email address were configured automatically based
2013-11-23 19:43:26.9752|DEBUG|Barbato.IndexModule|The file will have its original line endings in your working directory.
2013-11-23 19:43:26.9752|DEBUG|Barbato.IndexModule|warning: LF will be replaced by CRLF in 2012/11/06/publishing-to-windows-azure-from-github/index.html.
2013-11-23 19:43:26.9752|DEBUG|Barbato.IndexModule|on your username and hostname. Please check that they are accurate.
2013-11-23 19:43:26.9892|DEBUG|Barbato.IndexModule|You can suppress this message by setting them explicitly:
2013-11-23 19:43:26.9892|DEBUG|Barbato.IndexModule|The file will have its original line endings in your working directory.
2013-11-23 19:43:26.9892|DEBUG|Barbato.IndexModule|warning: LF will be replaced by CRLF in 2012/11/18/gitignore-not-working-fixed/index.html.
2013-11-23 19:43:26.9892|DEBUG|Barbato.IndexModule|
2013-11-23 19:43:27.0062|DEBUG|Barbato.IndexModule|    git config --global user.name "Your Name"
2013-11-23 19:43:26.9892|DEBUG|Barbato.IndexModule|The file will have its original line endings in your working directory.
2013-11-23 19:43:27.0062|DEBUG|Barbato.IndexModule|warning: LF will be replaced by CRLF in 2012/11/23/the-for-loop-is-the-devil-in-disguise/index.html.
2013-11-23 19:43:27.0062|DEBUG|Barbato.IndexModule|    git config --global user.email you@example.com
2013-11-23 19:43:27.0202|DEBUG|Barbato.IndexModule|
2013-11-23 19:43:27.0062|DEBUG|Barbato.IndexModule|The file will have its original line endings in your working directory.
2013-11-23 19:43:27.0202|DEBUG|Barbato.IndexModule|warning: LF will be replaced by CRLF in 2012/11/29/asp-net-web-api-testing/index.html.
2013-11-23 19:43:27.0202|DEBUG|Barbato.IndexModule|After doing this, you may fix the identity used for this commit with:
2013-11-23 19:43:27.0202|DEBUG|Barbato.IndexModule|
2013-11-23 19:43:27.0202|DEBUG|Barbato.IndexModule|The file will have its original line endings in your working directory.
2013-11-23 19:43:27.0372|DEBUG|Barbato.IndexModule|    git commit --amend --reset-author
2013-11-23 19:43:27.0372|DEBUG|Barbato.IndexModule|warning: LF will be replaced by CRLF in 2012/12/07/easily-publish-a-nuget-package/index.html.
2013-11-23 19:43:27.0512|DEBUG|Barbato.IndexModule|The file will have its original line endings in your working directory.
2013-11-23 19:43:27.0372|DEBUG|Barbato.IndexModule|
2013-11-23 19:43:27.0512|DEBUG|Barbato.IndexModule| 109 files changed, 109 insertions(+), 109 deletions(-)
2013-11-23 19:43:27.0512|DEBUG|Barbato.IndexModule|warning: LF will be replaced by CRLF in 2012/12/19/why-use-nancyfx/index.html.
2013-11-23 19:43:27.0512|DEBUG|Barbato.IndexModule|
2013-11-23 19:43:27.0702|DEBUG|Barbato.IndexModule|The file will have its original line endings in your working directory.
2013-11-23 19:43:27.0832|DEBUG|Barbato.IndexModule|warning: LF will be replaced by CRLF in 2013/01/09/javascript-is-the-future-maybe/index.html.
2013-11-23 19:43:27.0832|DEBUG|Barbato.IndexModule|The file will have its original line endings in your working directory.
2013-11-23 19:43:27.0832|DEBUG|Barbato.IndexModule|warning: LF will be replaced by CRLF in 2013/01/24/using-angularjsbackbonejs-in-windows-8-javascript-app/index.html.
2013-11-23 19:43:27.0832|DEBUG|Barbato.IndexModule|The file will have its original line endings in your working directory.
2013-11-23 19:43:27.0832|DEBUG|Barbato.IndexModule|warning: LF will be replaced by CRLF in 2013/02/05/evaluating-knockoutjs-and-angularjs-part-1/index.html.
2013-11-23 19:43:27.1022|DEBUG|Barbato.IndexModule|The file will have its original line endings in your working directory.
2013-11-23 19:43:27.1022|DEBUG|Barbato.IndexModule|warning: LF will be replaced by CRLF in 2013/02/05/evaluating-knockoutjs-and-angularjs-part-2/index.html.
2013-11-23 19:43:27.1022|DEBUG|Barbato.IndexModule|The file will have its original line endings in your working directory.
2013-11-23 19:43:27.1022|DEBUG|Barbato.IndexModule|warning: LF will be replaced by CRLF in 2013/03/04/the-many-approaches-to-entity-framework/index.html.
2013-11-23 19:43:27.1142|DEBUG|Barbato.IndexModule|The file will have its original line endings in your working directory.
2013-11-23 19:43:27.1142|DEBUG|Barbato.IndexModule|warning: LF will be replaced by CRLF in 2013/04/02/the-old-development-language-switcheroo/index.html.
2013-11-23 19:43:27.1142|DEBUG|Barbato.IndexModule|The file will have its original line endings in your working directory.
2013-11-23 19:43:27.1142|DEBUG|Barbato.IndexModule|warning: LF will be replaced by CRLF in 2013/04/08/using-a-markdown-viewengine-with-nancy/index.html.
2013-11-23 19:43:27.1142|DEBUG|Barbato.IndexModule|The file will have its original line endings in your working directory.
2013-11-23 19:43:27.1332|DEBUG|Barbato.IndexModule|warning: LF will be replaced by CRLF in 2013/04/08/using-datetime-in-c-and-sql/index.html.
2013-11-23 19:43:27.1332|DEBUG|Barbato.IndexModule|The file will have its original line endings in your working directory.
2013-11-23 19:43:27.1332|DEBUG|Barbato.IndexModule|warning: LF will be replaced by CRLF in 2013/04/17/up-running-with-typescript-and-webstorm/index.html.
2013-11-23 19:43:27.1332|DEBUG|Barbato.IndexModule|The file will have its original line endings in your working directory.
2013-11-23 19:43:27.1452|DEBUG|Barbato.IndexModule|warning: LF will be replaced by CRLF in 2013/04/30/mocking-httpcontext-with-fake-it-easy/index.html.
2013-11-23 19:43:27.1452|DEBUG|Barbato.IndexModule|The file will have its original line endings in your working directory.
2013-11-23 19:43:27.1452|DEBUG|Barbato.IndexModule|warning: LF will be replaced by CRLF in 2013/05/29/why-net-should-become-independent/index.html.
2013-11-23 19:43:27.1452|DEBUG|Barbato.IndexModule|The file will have its original line endings in your working directory.
2013-11-23 19:43:27.1452|DEBUG|Barbato.IndexModule|warning: LF will be replaced by CRLF in 2013/07/03/modifying-files-within-git-history/index.html.
2013-11-23 19:43:27.1612|DEBUG|Barbato.IndexModule|The file will have its original line endings in your working directory.
2013-11-23 19:43:27.1612|DEBUG|Barbato.IndexModule|warning: LF will be replaced by CRLF in 2013/08/22/a-quick-look-at-visual-node/index.html.
2013-11-23 19:43:27.1612|DEBUG|Barbato.IndexModule|The file will have its original line endings in your working directory.
2013-11-23 19:43:27.1612|DEBUG|Barbato.IndexModule|warning: LF will be replaced by CRLF in 2013/08/24/async-route-handling-with-nancy/index.html.
2013-11-23 19:43:27.1612|DEBUG|Barbato.IndexModule|The file will have its original line endings in your working directory.
2013-11-23 19:43:27.1772|DEBUG|Barbato.IndexModule|warning: LF will be replaced by CRLF in 2013/09/11/comparing-object-instances-with-fakeiteasy/index.html.
2013-11-23 19:43:27.1772|DEBUG|Barbato.IndexModule|The file will have its original line endings in your working directory.
2013-11-23 19:43:27.1772|DEBUG|Barbato.IndexModule|warning: LF will be replaced by CRLF in 2013/09/12/keeping-sql-data-organised-in-integration-tests/index.html.
2013-11-23 19:43:27.1772|DEBUG|Barbato.IndexModule|The file will have its original line endings in your working directory.
2013-11-23 19:43:27.1772|DEBUG|Barbato.IndexModule|warning: LF will be replaced by CRLF in 2013/09/16/enabling-cors-in-iisexpress/index.html.
2013-11-23 19:43:27.1942|DEBUG|Barbato.IndexModule|The file will have its original line endings in your working directory.
2013-11-23 19:43:27.1942|DEBUG|Barbato.IndexModule|warning: LF will be replaced by CRLF in 2013/09/20/returning-multiple-fake-objects-with-fakeiteasy/index.html.
2013-11-23 19:43:27.1942|DEBUG|Barbato.IndexModule|The file will have its original line endings in your working directory.
2013-11-23 19:43:27.1942|DEBUG|Barbato.IndexModule|warning: LF will be replaced by CRLF in 2013/10/01/blogging-with-markdown-and-git/index.html.
2013-11-23 19:43:27.2072|DEBUG|Barbato.IndexModule|The file will have its original line endings in your working directory.
2013-11-23 19:43:27.2072|DEBUG|Barbato.IndexModule|warning: LF will be replaced by CRLF in 2013/10/21/running-mocha-tests-with-sublime-text/index.html.
2013-11-23 19:43:27.2072|DEBUG|Barbato.IndexModule|The file will have its original line endings in your working directory.
2013-11-23 19:43:27.2072|DEBUG|Barbato.IndexModule|warning: LF will be replaced by CRLF in 2013/11/07/using-git-to-update-youtrack-via-teamcity/index.html.
2013-11-23 19:43:27.2072|DEBUG|Barbato.IndexModule|The file will have its original line endings in your working directory.
2013-11-23 19:43:27.2242|DEBUG|Barbato.IndexModule|warning: LF will be replaced by CRLF in index.html.
2013-11-23 19:43:27.2242|DEBUG|Barbato.IndexModule|The file will have its original line endings in your working directory.
2013-11-23 19:43:27.2242|DEBUG|Barbato.IndexModule|warning: LF will be replaced by CRLF in page2/index.html.
2013-11-23 19:43:27.2242|DEBUG|Barbato.IndexModule|The file will have its original line endings in your working directory.
2013-11-23 19:43:27.2242|DEBUG|Barbato.IndexModule|warning: LF will be replaced by CRLF in page3/index.html.
2013-11-23 19:43:27.2402|DEBUG|Barbato.IndexModule|The file will have its original line endings in your working directory.
2013-11-23 19:43:27.2402|DEBUG|Barbato.IndexModule|warning: LF will be replaced by CRLF in page4/index.html.
2013-11-23 19:43:27.2402|DEBUG|Barbato.IndexModule|The file will have its original line endings in your working directory.
2013-11-23 19:43:27.2402|DEBUG|Barbato.IndexModule|
2013-11-23 19:43:27.9752|DEBUG|Barbato.IndexModule|git commit process to exited
2013-11-23 19:43:28.4693|DEBUG|Barbato.IndexModule|Executin git push
2013-11-23 19:43:39.5449|DEBUG|Barbato.IndexModule|remote: Updating branch 'master'.[K
2013-11-23 19:43:39.5509|DEBUG|Barbato.IndexModule|remote: Updating submodules.[K
2013-11-23 19:43:39.5509|DEBUG|Barbato.IndexModule|remote: Preparing deployment for commit id 'b9a6c6cb82'.[K
2013-11-23 19:43:39.5509|DEBUG|Barbato.IndexModule|remote: The specified project 'C:\DWASFiles\Sites\sandra-snow-barbato\VirtualDirectory0\site\repository\website' is not valid. It needs to point to either a csproj/vbproj file or to a directory.[K
2013-11-23 19:43:39.5509|DEBUG|Barbato.IndexModule|remote: Error - Changes committed to remote repository but deployment to website failed, please check log for further details.[K
2013-11-23 19:43:39.6749|DEBUG|Barbato.IndexModule|To https://jchannon:M4kep3ace79!@sandra-snow-barbato.scm.azurewebsites.net:443/sandra-snow-barbato.git
2013-11-23 19:43:39.6749|DEBUG|Barbato.IndexModule|   37e5c16..b9a6c6c  master -> master
2013-11-23 19:43:39.6749|DEBUG|Barbato.IndexModule|
2013-11-23 19:43:39.6749|DEBUG|Barbato.IndexModule|
2013-11-23 19:44:16.2920|DEBUG|Barbato.IndexModule|git push process to exited
